{"C:\\Users\\Vismaya Dinesh Kumar\\Desktop\\promptwars-virtual\\frontend\\src\\components\\AnomalyFeed.jsx": {"path":"C:\\Users\\Vismaya Dinesh Kumar\\Desktop\\promptwars-virtual\\frontend\\src\\components\\AnomalyFeed.jsx","statementMap":{"0":{"start":{"line":6,"column":21},"end":{"line":6,"column":50}},"1":{"start":{"line":7,"column":26},"end":{"line":7,"column":60}},"2":{"start":{"line":9,"column":2},"end":{"line":14,"column":null}},"3":{"start":{"line":10,"column":20},"end":{"line":12,"column":11}},"4":{"start":{"line":11,"column":6},"end":{"line":11,"column":null}},"5":{"start":{"line":13,"column":4},"end":{"line":13,"column":null}},"6":{"start":{"line":13,"column":17},"end":{"line":13,"column":38}},"7":{"start":{"line":16,"column":8},"end":{"line":20,"column":31}},"8":{"start":{"line":17,"column":4},"end":{"line":17,"column":null}},"9":{"start":{"line":17,"column":17},"end":{"line":17,"column":null}},"10":{"start":{"line":18,"column":4},"end":{"line":18,"column":null}},"11":{"start":{"line":18,"column":26},"end":{"line":18,"column":null}},"12":{"start":{"line":19,"column":4},"end":{"line":19,"column":null}},"13":{"start":{"line":19,"column":30},"end":{"line":19,"column":93}},"14":{"start":{"line":21,"column":2},"end":{"line":21,"column":null}},"15":{"start":{"line":21,"column":15},"end":{"line":21,"column":null}},"16":{"start":{"line":23,"column":2},"end":{"line":59,"column":null}},"17":{"start":{"line":36,"column":30},"end":{"line":36,"column":null}},"18":{"start":{"line":43,"column":15},"end":{"line":56,"column":null}}},"fnMap":{"0":{"name":"AnomalyFeed","decl":{"start":{"line":5,"column":29},"end":{"line":5,"column":41}},"loc":{"start":{"line":5,"column":53},"end":{"line":62,"column":null}},"line":5},"1":{"name":"(anonymous_1)","decl":{"start":{"line":9,"column":2},"end":{"line":9,"column":18}},"loc":{"start":{"line":9,"column":18},"end":{"line":14,"column":6}},"line":9},"2":{"name":"(anonymous_2)","decl":{"start":{"line":10,"column":20},"end":{"line":10,"column":37}},"loc":{"start":{"line":10,"column":37},"end":{"line":12,"column":11}},"line":10},"3":{"name":"(anonymous_3)","decl":{"start":{"line":13,"column":4},"end":{"line":13,"column":17}},"loc":{"start":{"line":13,"column":17},"end":{"line":13,"column":38}},"line":13},"4":{"name":"(anonymous_4)","decl":{"start":{"line":16,"column":25},"end":{"line":16,"column":39}},"loc":{"start":{"line":16,"column":39},"end":{"line":20,"column":6}},"line":16},"5":{"name":"(anonymous_5)","decl":{"start":{"line":19,"column":18},"end":{"line":19,"column":25}},"loc":{"start":{"line":19,"column":30},"end":{"line":19,"column":93}},"line":19},"6":{"name":"(anonymous_6)","decl":{"start":{"line":36,"column":13},"end":{"line":36,"column":24}},"loc":{"start":{"line":36,"column":30},"end":{"line":36,"column":null}},"line":36},"7":{"name":"(anonymous_7)","decl":{"start":{"line":42,"column":28},"end":{"line":42,"column":32}},"loc":{"start":{"line":43,"column":15},"end":{"line":56,"column":null}},"line":43}},"branchMap":{"0":{"loc":{"start":{"line":17,"column":4},"end":{"line":17,"column":null}},"type":"if","locations":[{"start":{"line":17,"column":4},"end":{"line":17,"column":null}},{"start":{},"end":{}}],"line":17},"1":{"loc":{"start":{"line":18,"column":4},"end":{"line":18,"column":null}},"type":"if","locations":[{"start":{"line":18,"column":4},"end":{"line":18,"column":null}},{"start":{},"end":{}}],"line":18},"2":{"loc":{"start":{"line":21,"column":2},"end":{"line":21,"column":null}},"type":"if","locations":[{"start":{"line":21,"column":2},"end":{"line":21,"column":null}},{"start":{},"end":{}}],"line":21},"3":{"loc":{"start":{"line":49,"column":78},"end":{"line":49,"column":null}},"type":"cond-expr","locations":[{"start":{"line":49,"column":110},"end":{"line":49,"column":162}},{"start":{"line":49,"column":162},"end":{"line":49,"column":null}}],"line":49},"4":{"loc":{"start":{"line":53,"column":22},"end":{"line":54,"column":28}},"type":"binary-expr","locations":[{"start":{"line":53,"column":22},"end":{"line":53,"column":55}},{"start":{"line":53,"column":55},"end":{"line":54,"column":28}}],"line":53}},"s":{"0":2,"1":2,"2":2,"3":2,"4":0,"5":2,"6":2,"7":2,"8":2,"9":1,"10":1,"11":1,"12":0,"13":0,"14":2,"15":1,"16":1,"17":0,"18":1},"f":{"0":2,"1":2,"2":0,"3":2,"4":2,"5":0,"6":0,"7":1},"b":{"0":[1,1],"1":[1,0],"2":[1,1],"3":[1,0],"4":[1,1]},"meta":{"lastBranch":5,"lastFunction":8,"lastStatement":19,"seen":{"f:5:29:5:41":0,"s:6:21:6:50":0,"s:7:26:7:60":1,"s:9:2:14:Infinity":2,"f:9:2:9:18":1,"s:10:20:12:11":3,"f:10:20:10:37":2,"s:11:6:11:Infinity":4,"s:13:4:13:Infinity":5,"f:13:4:13:17":3,"s:13:17:13:38":6,"s:16:8:20:31":7,"f:16:25:16:39":4,"b:17:4:17:Infinity:undefined:undefined:undefined:undefined":0,"s:17:4:17:Infinity":8,"s:17:17:17:Infinity":9,"b:18:4:18:Infinity:undefined:undefined:undefined:undefined":1,"s:18:4:18:Infinity":10,"s:18:26:18:Infinity":11,"s:19:4:19:Infinity":12,"f:19:18:19:25":5,"s:19:30:19:93":13,"b:21:2:21:Infinity:undefined:undefined:undefined:undefined":2,"s:21:2:21:Infinity":14,"s:21:15:21:Infinity":15,"s:23:2:59:Infinity":16,"f:36:13:36:24":6,"s:36:30:36:Infinity":17,"f:42:28:42:32":7,"s:43:15:56:Infinity":18,"b:49:110:49:162:49:162:49:Infinity":3,"b:53:22:53:55:53:55:54:28":4}}}
,"C:\\Users\\Vismaya Dinesh Kumar\\Desktop\\promptwars-virtual\\frontend\\src\\components\\CrowdDensityCard.jsx": {"path":"C:\\Users\\Vismaya Dinesh Kumar\\Desktop\\promptwars-virtual\\frontend\\src\\components\\CrowdDensityCard.jsx","statementMap":{"0":{"start":{"line":5,"column":16},"end":{"line":5,"column":null}},"1":{"start":{"line":6,"column":21},"end":{"line":6,"column":null}},"2":{"start":{"line":9,"column":8},"end":{"line":9,"column":22}},"3":{"start":{"line":10,"column":8},"end":{"line":10,"column":55}},"4":{"start":{"line":11,"column":18},"end":{"line":11,"column":46}},"5":{"start":{"line":13,"column":2},"end":{"line":22,"column":null}},"6":{"start":{"line":14,"column":4},"end":{"line":14,"column":null}},"7":{"start":{"line":14,"column":32},"end":{"line":14,"column":null}},"8":{"start":{"line":16,"column":28},"end":{"line":19,"column":6}},"9":{"start":{"line":20,"column":4},"end":{"line":20,"column":null}},"10":{"start":{"line":24,"column":2},"end":{"line":41,"column":null}},"11":{"start":{"line":25,"column":4},"end":{"line":25,"column":null}},"12":{"start":{"line":25,"column":36},"end":{"line":25,"column":null}},"13":{"start":{"line":28,"column":19},"end":{"line":33,"column":null}},"14":{"start":{"line":35,"column":4},"end":{"line":35,"column":null}},"15":{"start":{"line":36,"column":4},"end":{"line":36,"column":null}},"16":{"start":{"line":38,"column":4},"end":{"line":39,"column":null}},"17":{"start":{"line":39,"column":6},"end":{"line":39,"column":null}},"18":{"start":{"line":43,"column":2},"end":{"line":43,"column":null}},"19":{"start":{"line":46,"column":6},"end":{"line":61,"column":null}},"20":{"start":{"line":47,"column":2},"end":{"line":61,"column":null}},"21":{"start":{"line":49,"column":25},"end":{"line":49,"column":null}},"22":{"start":{"line":50,"column":8},"end":{"line":58,"column":null}},"23":{"start":{"line":65,"column":19},"end":{"line":65,"column":49}},"24":{"start":{"line":67,"column":2},"end":{"line":67,"column":null}},"25":{"start":{"line":67,"column":22},"end":{"line":67,"column":null}},"26":{"start":{"line":69,"column":2},"end":{"line":95,"column":null}},"27":{"start":{"line":84,"column":55},"end":{"line":84,"column":72}}},"fnMap":{"0":{"name":"HeatmapLayer","decl":{"start":{"line":8,"column":9},"end":{"line":8,"column":22}},"loc":{"start":{"line":8,"column":41},"end":{"line":43,"column":null}},"line":8},"1":{"name":"(anonymous_1)","decl":{"start":{"line":13,"column":2},"end":{"line":13,"column":18}},"loc":{"start":{"line":13,"column":18},"end":{"line":22,"column":6}},"line":13},"2":{"name":"(anonymous_2)","decl":{"start":{"line":24,"column":2},"end":{"line":24,"column":18}},"loc":{"start":{"line":24,"column":18},"end":{"line":41,"column":6}},"line":24},"3":{"name":"(anonymous_3)","decl":{"start":{"line":38,"column":4},"end":{"line":38,"column":17}},"loc":{"start":{"line":38,"column":17},"end":{"line":39,"column":null}},"line":38},"4":{"name":"(anonymous_4)","decl":{"start":{"line":46,"column":6},"end":{"line":46,"column":20}},"loc":{"start":{"line":47,"column":2},"end":{"line":61,"column":null}},"line":47},"5":{"name":"(anonymous_5)","decl":{"start":{"line":48,"column":36},"end":{"line":48,"column":41}},"loc":{"start":{"line":48,"column":64},"end":{"line":58,"column":null}},"line":48},"6":{"name":"CrowdDensityCard","decl":{"start":{"line":64,"column":35},"end":{"line":64,"column":52}},"loc":{"start":{"line":64,"column":71},"end":{"line":99,"column":null}},"line":64},"7":{"name":"(anonymous_7)","decl":{"start":{"line":84,"column":40},"end":{"line":84,"column":55}},"loc":{"start":{"line":84,"column":55},"end":{"line":84,"column":72}},"line":84}},"branchMap":{"0":{"loc":{"start":{"line":5,"column":16},"end":{"line":5,"column":null}},"type":"binary-expr","locations":[{"start":{"line":5,"column":16},"end":{"line":5,"column":60}},{"start":{"line":5,"column":60},"end":{"line":5,"column":null}}],"line":5},"1":{"loc":{"start":{"line":6,"column":21},"end":{"line":6,"column":null}},"type":"binary-expr","locations":[{"start":{"line":6,"column":21},"end":{"line":6,"column":53}},{"start":{"line":6,"column":53},"end":{"line":6,"column":93}},{"start":{"line":6,"column":93},"end":{"line":6,"column":null}}],"line":6},"2":{"loc":{"start":{"line":14,"column":4},"end":{"line":14,"column":null}},"type":"if","locations":[{"start":{"line":14,"column":4},"end":{"line":14,"column":null}},{"start":{},"end":{}}],"line":14},"3":{"loc":{"start":{"line":14,"column":8},"end":{"line":14,"column":32}},"type":"binary-expr","locations":[{"start":{"line":14,"column":8},"end":{"line":14,"column":26}},{"start":{"line":14,"column":26},"end":{"line":14,"column":32}}],"line":14},"4":{"loc":{"start":{"line":25,"column":4},"end":{"line":25,"column":null}},"type":"if","locations":[{"start":{"line":25,"column":4},"end":{"line":25,"column":null}},{"start":{},"end":{}}],"line":25},"5":{"loc":{"start":{"line":25,"column":8},"end":{"line":25,"column":36}},"type":"binary-expr","locations":[{"start":{"line":25,"column":8},"end":{"line":25,"column":20}},{"start":{"line":25,"column":20},"end":{"line":25,"column":36}}],"line":25},"6":{"loc":{"start":{"line":29,"column":77},"end":{"line":29,"column":108}},"type":"binary-expr","locations":[{"start":{"line":29,"column":77},"end":{"line":29,"column":104}},{"start":{"line":29,"column":104},"end":{"line":29,"column":108}}],"line":29},"7":{"loc":{"start":{"line":30,"column":77},"end":{"line":30,"column":108}},"type":"binary-expr","locations":[{"start":{"line":30,"column":77},"end":{"line":30,"column":104}},{"start":{"line":30,"column":104},"end":{"line":30,"column":108}}],"line":30},"8":{"loc":{"start":{"line":31,"column":77},"end":{"line":31,"column":108}},"type":"binary-expr","locations":[{"start":{"line":31,"column":77},"end":{"line":31,"column":104}},{"start":{"line":31,"column":104},"end":{"line":31,"column":108}}],"line":31},"9":{"loc":{"start":{"line":32,"column":77},"end":{"line":32,"column":null}},"type":"binary-expr","locations":[{"start":{"line":32,"column":77},"end":{"line":32,"column":104}},{"start":{"line":32,"column":104},"end":{"line":32,"column":null}}],"line":32},"10":{"loc":{"start":{"line":49,"column":25},"end":{"line":49,"column":null}},"type":"cond-expr","locations":[{"start":{"line":49,"column":40},"end":{"line":49,"column":92}},{"start":{"line":49,"column":92},"end":{"line":49,"column":null}}],"line":49},"11":{"loc":{"start":{"line":49,"column":92},"end":{"line":49,"column":null}},"type":"cond-expr","locations":[{"start":{"line":49,"column":107},"end":{"line":49,"column":162}},{"start":{"line":49,"column":162},"end":{"line":49,"column":null}}],"line":49},"12":{"loc":{"start":{"line":67,"column":2},"end":{"line":67,"column":null}},"type":"if","locations":[{"start":{"line":67,"column":2},"end":{"line":67,"column":null}},{"start":{},"end":{}}],"line":67},"13":{"loc":{"start":{"line":80,"column":7},"end":{"line":95,"column":null}},"type":"cond-expr","locations":[{"start":{"line":81,"column":8},"end":{"line":83,"column":9}},{"start":{"line":83,"column":8},"end":{"line":95,"column":null}}],"line":80},"14":{"loc":{"start":{"line":80,"column":7},"end":{"line":80,"column":null}},"type":"binary-expr","locations":[{"start":{"line":80,"column":7},"end":{"line":80,"column":23}},{"start":{"line":80,"column":23},"end":{"line":80,"column":null}}],"line":80}},"s":{"0":1,"1":1,"2":0,"3":0,"4":0,"5":0,"6":0,"7":0,"8":0,"9":0,"10":0,"11":0,"12":0,"13":0,"14":0,"15":0,"16":0,"17":0,"18":0,"19":1,"20":1,"21":2,"22":2,"23":2,"24":2,"25":1,"26":1,"27":0},"f":{"0":0,"1":0,"2":0,"3":0,"4":1,"5":2,"6":2,"7":0},"b":{"0":[1,0],"1":[1,0,0],"2":[0,0],"3":[0,0],"4":[0,0],"5":[0,0],"6":[0,0],"7":[0,0],"8":[0,0],"9":[0,0],"10":[1,1],"11":[0,1],"12":[1,1],"13":[1,0],"14":[1,0]},"meta":{"lastBranch":15,"lastFunction":8,"lastStatement":28,"seen":{"s:5:16:5:Infinity":0,"b:5:16:5:60:5:60:5:Infinity":0,"s:6:21:6:Infinity":1,"b:6:21:6:53:6:53:6:93:6:93:6:Infinity":1,"f:8:9:8:22":0,"s:9:8:9:22":2,"s:10:8:10:55":3,"s:11:18:11:46":4,"s:13:2:22:Infinity":5,"f:13:2:13:18":1,"b:14:4:14:Infinity:undefined:undefined:undefined:undefined":2,"s:14:4:14:Infinity":6,"b:14:8:14:26:14:26:14:32":3,"s:14:32:14:Infinity":7,"s:16:28:19:6":8,"s:20:4:20:Infinity":9,"s:24:2:41:Infinity":10,"f:24:2:24:18":2,"b:25:4:25:Infinity:undefined:undefined:undefined:undefined":4,"s:25:4:25:Infinity":11,"b:25:8:25:20:25:20:25:36":5,"s:25:36:25:Infinity":12,"s:28:19:33:Infinity":13,"b:29:77:29:104:29:104:29:108":6,"b:30:77:30:104:30:104:30:108":7,"b:31:77:31:104:31:104:31:108":8,"b:32:77:32:104:32:104:32:Infinity":9,"s:35:4:35:Infinity":14,"s:36:4:36:Infinity":15,"s:38:4:39:Infinity":16,"f:38:4:38:17":3,"s:39:6:39:Infinity":17,"s:43:2:43:Infinity":18,"s:46:6:61:Infinity":19,"f:46:6:46:20":4,"s:47:2:61:Infinity":20,"f:48:36:48:41":5,"s:49:25:49:Infinity":21,"b:49:40:49:92:49:92:49:Infinity":10,"b:49:107:49:162:49:162:49:Infinity":11,"s:50:8:58:Infinity":22,"f:64:35:64:52":6,"s:65:19:65:49":23,"b:67:2:67:Infinity:undefined:undefined:undefined:undefined":12,"s:67:2:67:Infinity":24,"s:67:22:67:Infinity":25,"s:69:2:95:Infinity":26,"b:81:8:83:9:83:8:95:Infinity":13,"b:80:7:80:23:80:23:80:Infinity":14,"f:84:40:84:55":7,"s:84:55:84:72":27}}}
,"C:\\Users\\Vismaya Dinesh Kumar\\Desktop\\promptwars-virtual\\frontend\\src\\components\\PersonnelTracker.jsx": {"path":"C:\\Users\\Vismaya Dinesh Kumar\\Desktop\\promptwars-virtual\\frontend\\src\\components\\PersonnelTracker.jsx","statementMap":{"0":{"start":{"line":5,"column":2},"end":{"line":5,"column":null}},"1":{"start":{"line":5,"column":18},"end":{"line":5,"column":null}},"2":{"start":{"line":7,"column":2},"end":{"line":20,"column":null}},"3":{"start":{"line":10,"column":8},"end":{"line":18,"column":null}}},"fnMap":{"0":{"name":"PersonnelTracker","decl":{"start":{"line":4,"column":29},"end":{"line":4,"column":46}},"loc":{"start":{"line":4,"column":61},"end":{"line":22,"column":null}},"line":4},"1":{"name":"(anonymous_1)","decl":{"start":{"line":9,"column":17},"end":{"line":9,"column":22}},"loc":{"start":{"line":10,"column":8},"end":{"line":18,"column":null}},"line":10}},"branchMap":{"0":{"loc":{"start":{"line":5,"column":2},"end":{"line":5,"column":null}},"type":"if","locations":[{"start":{"line":5,"column":2},"end":{"line":5,"column":null}},{"start":{},"end":{}}],"line":5}},"s":{"0":2,"1":1,"2":1,"3":2},"f":{"0":2,"1":2},"b":{"0":[1,1]},"meta":{"lastBranch":1,"lastFunction":2,"lastStatement":4,"seen":{"f:4:29:4:46":0,"b:5:2:5:Infinity:undefined:undefined:undefined:undefined":0,"s:5:2:5:Infinity":0,"s:5:18:5:Infinity":1,"s:7:2:20:Infinity":2,"f:9:17:9:22":1,"s:10:8:18:Infinity":3}}}
,"C:\\Users\\Vismaya Dinesh Kumar\\Desktop\\promptwars-virtual\\frontend\\src\\components\\SOSButton.jsx": {"path":"C:\\Users\\Vismaya Dinesh Kumar\\Desktop\\promptwars-virtual\\frontend\\src\\components\\SOSButton.jsx","statementMap":{"0":{"start":{"line":6,"column":20},"end":{"line":6,"column":51}},"1":{"start":{"line":7,"column":20},"end":{"line":7,"column":52}},"2":{"start":{"line":9,"column":8},"end":{"line":14,"column":null}},"3":{"start":{"line":10,"column":4},"end":{"line":10,"column":null}},"4":{"start":{"line":11,"column":4},"end":{"line":14,"column":null}},"5":{"start":{"line":12,"column":6},"end":{"line":12,"column":null}},"6":{"start":{"line":13,"column":6},"end":{"line":13,"column":null}},"7":{"start":{"line":17,"column":2},"end":{"line":81,"column":null}},"8":{"start":{"line":20,"column":23},"end":{"line":20,"column":41}},"9":{"start":{"line":57,"column":37},"end":{"line":57,"column":56}}},"fnMap":{"0":{"name":"SOSButton","decl":{"start":{"line":5,"column":29},"end":{"line":5,"column":41}},"loc":{"start":{"line":5,"column":41},"end":{"line":83,"column":null}},"line":5},"1":{"name":"(anonymous_1)","decl":{"start":{"line":9,"column":8},"end":{"line":9,"column":33}},"loc":{"start":{"line":9,"column":33},"end":{"line":14,"column":null}},"line":9},"2":{"name":"(anonymous_2)","decl":{"start":{"line":11,"column":4},"end":{"line":11,"column":21}},"loc":{"start":{"line":11,"column":21},"end":{"line":14,"column":12}},"line":11},"3":{"name":"(anonymous_3)","decl":{"start":{"line":20,"column":8},"end":{"line":20,"column":23}},"loc":{"start":{"line":20,"column":23},"end":{"line":20,"column":41}},"line":20},"4":{"name":"(anonymous_4)","decl":{"start":{"line":57,"column":22},"end":{"line":57,"column":37}},"loc":{"start":{"line":57,"column":37},"end":{"line":57,"column":56}},"line":57}},"branchMap":{"0":{"loc":{"start":{"line":28,"column":9},"end":{"line":80,"column":null}},"type":"binary-expr","locations":[{"start":{"line":28,"column":9},"end":{"line":28,"column":null}},{"start":{"line":29,"column":10},"end":{"line":80,"column":null}}],"line":28},"1":{"loc":{"start":{"line":41,"column":15},"end":{"line":74,"column":null}},"type":"cond-expr","locations":[{"start":{"line":42,"column":16},"end":{"line":63,"column":null}},{"start":{"line":65,"column":16},"end":{"line":74,"column":null}}],"line":41}},"s":{"0":5,"1":5,"2":5,"3":1,"4":1,"5":1,"6":1,"7":5,"8":1,"9":0},"f":{"0":5,"1":1,"2":1,"3":1,"4":0},"b":{"0":[5,2],"1":[1,1]},"meta":{"lastBranch":2,"lastFunction":5,"lastStatement":10,"seen":{"f:5:29:5:41":0,"s:6:20:6:51":0,"s:7:20:7:52":1,"s:9:8:14:Infinity":2,"f:9:8:9:33":1,"s:10:4:10:Infinity":3,"s:11:4:14:Infinity":4,"f:11:4:11:21":2,"s:12:6:12:Infinity":5,"s:13:6:13:Infinity":6,"s:17:2:81:Infinity":7,"f:20:8:20:23":3,"s:20:23:20:41":8,"b:28:9:28:Infinity:29:10:80:Infinity":0,"b:42:16:63:Infinity:65:16:74:Infinity":1,"f:57:22:57:37":4,"s:57:37:57:56":9}}}
,"C:\\Users\\Vismaya Dinesh Kumar\\Desktop\\promptwars-virtual\\frontend\\src\\components\\WaitTimePanel.jsx": {"path":"C:\\Users\\Vismaya Dinesh Kumar\\Desktop\\promptwars-virtual\\frontend\\src\\components\\WaitTimePanel.jsx","statementMap":{"0":{"start":{"line":5,"column":2},"end":{"line":5,"column":null}},"1":{"start":{"line":5,"column":19},"end":{"line":5,"column":null}},"2":{"start":{"line":7,"column":2},"end":{"line":21,"column":null}},"3":{"start":{"line":16,"column":12},"end":{"line":19,"column":null}}},"fnMap":{"0":{"name":"WaitTimePanel","decl":{"start":{"line":4,"column":29},"end":{"line":4,"column":43}},"loc":{"start":{"line":4,"column":59},"end":{"line":24,"column":null}},"line":4},"1":{"name":"(anonymous_1)","decl":{"start":{"line":15,"column":37},"end":{"line":15,"column":42}},"loc":{"start":{"line":16,"column":12},"end":{"line":19,"column":null}},"line":16}},"branchMap":{"0":{"loc":{"start":{"line":5,"column":2},"end":{"line":5,"column":null}},"type":"if","locations":[{"start":{"line":5,"column":2},"end":{"line":5,"column":null}},{"start":{},"end":{}}],"line":5}},"s":{"0":2,"1":1,"2":1,"3":2},"f":{"0":2,"1":2},"b":{"0":[1,1]},"meta":{"lastBranch":1,"lastFunction":2,"lastStatement":4,"seen":{"f:4:29:4:43":0,"b:5:2:5:Infinity:undefined:undefined:undefined:undefined":0,"s:5:2:5:Infinity":0,"s:5:19:5:Infinity":1,"s:7:2:21:Infinity":2,"f:15:37:15:42":1,"s:16:12:19:Infinity":3}}}
}
